-------------------------------------------------------------------------------
Test set: com.profummy.chocolateservice.web.controller.ChocolateControllerTest
-------------------------------------------------------------------------------
Tests run: 3, Failures: 0, Errors: 1, Skipped: 0, Time elapsed: 1.103 s <<< FAILURE! - in com.profummy.chocolateservice.web.controller.ChocolateControllerTest
getChocolate  Time elapsed: 0.018 s  <<< ERROR!
java.lang.NullPointerException
	at com.profummy.chocolateservice.web.controller.ChocolateControllerTest.getChocolate(ChocolateControllerTest.java:57)

