<?xml version="1.0" encoding="UTF-8"?>
<testsuite xmlns:xsi="http://www.w3.org/2001/XMLSchema-instance" xsi:noNamespaceSchemaLocation="https://maven.apache.org/surefire/maven-surefire-plugin/xsd/surefire-test-report.xsd" name="com.profummy.chocolateservice.web.controller.ChocolateControllerTest" time="1.103" tests="3" errors="1" skipped="0" failures="0">
  <properties>
[...]
</properties>
  <testcase name="saveNewChocolate" classname="com.profummy.chocolateservice.web.controller.ChocolateControllerTest" time="0.274"/>
  <testcase name="getChocolate" classname="com.profummy.chocolateservice.web.controller.ChocolateControllerTest" time="0.018">
    <error type="java.lang.NullPointerException">java.lang.NullPointerException
	at com.profummy.chocolateservice.web.controller.ChocolateControllerTest.getChocolate(ChocolateControllerTest.java:57)
</error>
  </testcase>
  <testcase name="updateChocolateById" classname="com.profummy.chocolateservice.web.controller.ChocolateControllerTest" time="0.02"/>
</testsuite>