<?xml version="1.0" encoding="UTF-8"?>
<testsuite xmlns:xsi="http://www.w3.org/2001/XMLSchema-instance" xsi:noNamespaceSchemaLocation="https://maven.apache.org/surefire/maven-surefire-plugin/xsd/surefire-test-report.xsd" name="com.profummy.chocolateservice.web.controller.ChocolateControllerTest" time="1.166" tests="3" errors="1" skipped="0" failures="2">
  <properties>
[...]
</properties>
  <testcase name="handleUpdate" classname="com.profummy.chocolateservice.web.controller.ChocolateControllerTest" time="0.346">
    <failure message="Status expected:&lt;204&gt; but was:&lt;400&gt;" type="java.lang.AssertionError"><![CDATA[java.lang.AssertionError: Status expected:<204> but was:<400>
	at com.profummy.chocolateservice.web.controller.ChocolateControllerTest.handleUpdate(ChocolateControllerTest.java:89)
]]></failure>
    <system-out><![CDATA[2020-09-12 16:58:39.869  INFO 32806 --- [           main] .b.t.a.w.s.WebMvcTestContextBootstrapper : Neither @ContextConfiguration nor @ContextHierarchy found for test class [com.profummy.chocolateservice.web.controller.ChocolateControllerTest], using SpringBootContextLoader
2020-09-12 16:58:39.870  INFO 32806 --- [           main] o.s.t.c.support.AbstractContextLoader    : Could not detect default resource locations for test class [com.profummy.chocolateservice.web.controller.ChocolateControllerTest]: no resource found for suffixes {-context.xml, Context.groovy}.
2020-09-12 16:58:39.871  INFO 32806 --- [           main] t.c.s.AnnotationConfigContextLoaderUtils : Could not detect default configuration classes for test class [com.profummy.chocolateservice.web.controller.ChocolateControllerTest]: ChocolateControllerTest does not declare any static, non-private, non-final, nested classes annotated with @Configuration.
2020-09-12 16:58:39.913  INFO 32806 --- [           main] .b.t.c.SpringBootTestContextBootstrapper : Found @SpringBootConfiguration com.profummy.chocolateservice.ChocolateServiceApplication for test class com.profummy.chocolateservice.web.controller.ChocolateControllerTest
2020-09-12 16:58:39.915  INFO 32806 --- [           main] .b.t.a.w.s.WebMvcTestContextBootstrapper : Loaded default TestExecutionListener class names from location [META-INF/spring.factories]: [org.springframework.boot.test.mock.mockito.MockitoTestExecutionListener, org.springframework.boot.test.mock.mockito.ResetMocksTestExecutionListener, org.springframework.boot.test.autoconfigure.restdocs.RestDocsTestExecutionListener, org.springframework.boot.test.autoconfigure.web.client.MockRestServiceServerResetTestExecutionListener, org.springframework.boot.test.autoconfigure.web.servlet.MockMvcPrintOnlyOnFailureTestExecutionListener, org.springframework.boot.test.autoconfigure.web.servlet.WebDriverTestExecutionListener, org.springframework.boot.test.autoconfigure.webservices.client.MockWebServiceServerTestExecutionListener, org.springframework.test.context.web.ServletTestExecutionListener, org.springframework.test.context.support.DirtiesContextBeforeModesTestExecutionListener, org.springframework.test.context.support.DependencyInjectionTestExecutionListener, org.springframework.test.context.support.DirtiesContextTestExecutionListener, org.springframework.test.context.transaction.TransactionalTestExecutionListener, org.springframework.test.context.jdbc.SqlScriptsTestExecutionListener, org.springframework.test.context.event.EventPublishingTestExecutionListener]
2020-09-12 16:58:39.915  INFO 32806 --- [           main] .b.t.a.w.s.WebMvcTestContextBootstrapper : Using TestExecutionListeners: [org.springframework.test.context.web.ServletTestExecutionListener@c6c84fa, org.springframework.test.context.support.DirtiesContextBeforeModesTestExecutionListener@70ce2fb2, org.springframework.boot.test.mock.mockito.MockitoTestExecutionListener@64688978, org.springframework.boot.test.autoconfigure.SpringBootDependencyInjectionTestExecutionListener@4d525897, org.springframework.test.context.support.DirtiesContextTestExecutionListener@25f14e93, org.springframework.test.context.transaction.TransactionalTestExecutionListener@24435620, org.springframework.test.context.jdbc.SqlScriptsTestExecutionListener@4c02899, org.springframework.test.context.event.EventPublishingTestExecutionListener@5b895e76, org.springframework.boot.test.mock.mockito.ResetMocksTestExecutionListener@74231642, org.springframework.boot.test.autoconfigure.restdocs.RestDocsTestExecutionListener@4a6facb0, org.springframework.boot.test.autoconfigure.web.client.MockRestServiceServerResetTestExecutionListener@4feec184, org.springframework.boot.test.autoconfigure.web.servlet.MockMvcPrintOnlyOnFailureTestExecutionListener@5e055ce1, org.springframework.boot.test.autoconfigure.web.servlet.WebDriverTestExecutionListener@3278d065, org.springframework.boot.test.autoconfigure.webservices.client.MockWebServiceServerTestExecutionListener@545f0b6]

  .   ____          _            __ _ _
 /\\ / ___'_ __ _ _(_)_ __  __ _ \ \ \ \
( ( )\___ | '_ | '_| | '_ \/ _` | \ \ \ \
 \\/  ___)| |_)| | | | | || (_| |  ) ) ) )
  '  |____| .__|_| |_|_| |_\__, | / / / /
 =========|_|==============|___/=/_/_/_/
 :: Spring Boot ::        (v2.3.3.RELEASE)

2020-09-12 16:58:39.978  INFO 32806 --- [           main] c.p.c.w.c.ChocolateControllerTest        : Starting ChocolateControllerTest on EDU with PID 32806 (started by umarwong in /Users/umarwong/IdeaProjects/chocolate-service)
2020-09-12 16:58:39.980  INFO 32806 --- [           main] c.p.c.w.c.ChocolateControllerTest        : No active profile set, falling back to default profiles: default
2020-09-12 16:58:40.477  INFO 32806 --- [           main] o.s.s.concurrent.ThreadPoolTaskExecutor  : Initializing ExecutorService 'applicationTaskExecutor'
2020-09-12 16:58:40.609  INFO 32806 --- [           main] o.s.b.t.m.w.SpringBootMockServletContext : Initializing Spring TestDispatcherServlet ''
2020-09-12 16:58:40.610  INFO 32806 --- [           main] o.s.t.web.servlet.TestDispatcherServlet  : Initializing Servlet ''
2020-09-12 16:58:40.632  INFO 32806 --- [           main] o.s.t.web.servlet.TestDispatcherServlet  : Completed initialization in 22 ms
2020-09-12 16:58:40.645  INFO 32806 --- [           main] c.p.c.w.c.ChocolateControllerTest        : Started ChocolateControllerTest in 0.719 seconds (JVM running for 9.362)

MockHttpServletRequest:
      HTTP Method = PUT
      Request URI = /api/v1/chocolate/d1ff62e1-3f0b-460a-8d38-68501dff45a9
       Parameters = {}
          Headers = [Content-Type:"application/json", Content-Length:"172"]
             Body = <no character encoding set>
    Session Attrs = {}

Handler:
             Type = com.profummy.chocolateservice.web.controller.ChocolateController
           Method = com.profummy.chocolateservice.web.controller.ChocolateController#updateChocolateById(UUID, ChocolateDto)

Async:
    Async started = false
     Async result = null

Resolved Exception:
             Type = org.springframework.web.bind.MethodArgumentNotValidException

ModelAndView:
        View name = null
             View = null
            Model = null

FlashMap:
       Attributes = null

MockHttpServletResponse:
           Status = 400
    Error message = null
          Headers = [Content-Type:"application/json"]
     Content type = application/json
             Body = {"violations":[{"fieldName":"price","message":"must not be null"}]}
    Forwarded URL = null
   Redirected URL = null
          Cookies = []
]]></system-out>
  </testcase>
  <testcase name="getChocolate" classname="com.profummy.chocolateservice.web.controller.ChocolateControllerTest" time="0.037">
    <error type="java.lang.NullPointerException">java.lang.NullPointerException
	at com.profummy.chocolateservice.web.controller.ChocolateControllerTest.getChocolate(ChocolateControllerTest.java:55)
</error>
  </testcase>
  <testcase name="handlePost" classname="com.profummy.chocolateservice.web.controller.ChocolateControllerTest" time="0.022">
    <failure message="Status expected:&lt;201&gt; but was:&lt;400&gt;" type="java.lang.AssertionError"><![CDATA[java.lang.AssertionError: Status expected:<201> but was:<400>
	at com.profummy.chocolateservice.web.controller.ChocolateControllerTest.handlePost(ChocolateControllerTest.java:77)
]]></failure>
    <system-out><![CDATA[
MockHttpServletRequest:
      HTTP Method = POST
      Request URI = /api/v1/chocolate/
       Parameters = {}
          Headers = [Content-Type:"application/json", Content-Length:"172"]
             Body = <no character encoding set>
    Session Attrs = {}

Handler:
             Type = com.profummy.chocolateservice.web.controller.ChocolateController
           Method = com.profummy.chocolateservice.web.controller.ChocolateController#saveNewChocolate(ChocolateDto)

Async:
    Async started = false
     Async result = null

Resolved Exception:
             Type = org.springframework.web.bind.MethodArgumentNotValidException

ModelAndView:
        View name = null
             View = null
            Model = null

FlashMap:
       Attributes = null

MockHttpServletResponse:
           Status = 400
    Error message = null
          Headers = [Content-Type:"application/json"]
     Content type = application/json
             Body = {"violations":[{"fieldName":"price","message":"must not be null"}]}
    Forwarded URL = null
   Redirected URL = null
          Cookies = []
]]></system-out>
  </testcase>
</testsuite>